{
  "RSpec": {
    "coverage": {
      "/home/beta-cookie-7857/tic-tac-toe-rb-online-web-sp-000/lib/tic_tac_toe.rb": [
        null,
        1,
        null,
        null,
        null,
        null,
        null,
        null,
        null,
        null,
        null,
        1,
        18,
        18,
        18,
        18,
        18,
        null,
        null,
        1,
        18,
        null,
        null,
        1,
        18,
        null,
        null,
        1,
        18,
        18,
        null,
        0,
        null,
        null,
        null,
        1,
        18,
        18,
        null,
        0,
        null,
        null,
        null,
        1,
        18,
        18,
        18,
        18,
        18,
        18,
        0,
        null,
        null,
        null,
        1,
        25,
        25,
        225,
        40,
        null,
        null,
        null,
        null,
        1,
        18,
        11,
        7,
        7,
        null,
        null,
        null,
        1,
        39,
        236,
        null,
        16,
        null,
        220,
        null,
        null,
        null,
        null,
        1,
        17,
        78,
        null,
        null,
        null,
        1,
        17,
        4,
        null,
        13,
        null,
        null,
        null,
        1,
        19,
        8,
        null,
        11,
        null,
        null,
        null,
        1,
        4,
        4,
        null,
        null,
        null,
        1,
        12,
        18,
        null,
        12,
        5,
        7,
        3,
        null,
        null
      ]
    },
    "timestamp": 1572794708
  }
}
